# JRE version: Java(TM) SE Runtime Environment (8.0_144-b01) (build 1.8.0_144-b01)
# Java VM: Java HotSpot(TM) 64-Bit Server VM (25.144-b01 mixed mode windows-amd64 compressed oops)
Heap:
 PSYoungGen      total 190464K, used 27399K [0x00000000d5f80000, 0x00000000e3380000, 0x0000000100000000)
  eden space 181248K, 15% used [0x00000000d5f80000,0x00000000d7a41ff0,0x00000000e1080000)
  from space 9216K, 0% used [0x00000000e2a80000,0x00000000e2a80000,0x00000000e3380000)
  to   space 17920K, 0% used [0x00000000e1080000,0x00000000e1080000,0x00000000e2200000)
 ParOldGen       total 101888K, used 17734K [0x0000000081e00000, 0x0000000088180000, 0x00000000d5f80000)
  object space 101888K, 17% used [0x0000000081e00000,0x0000000082f519b8,0x0000000088180000)
 Metaspace       used 38061K, capacity 38810K, committed 39088K, reserved 1083392K
  class space    used 4217K, capacity 4405K, committed 4528K, reserved 1048576K
GC Heap History (10 events):
Event: 3.786 GC heap before
{Heap before GC invocations=6 (full 0):
 PSYoungGen      total 71680K, used 49160K [0x00000000d5f80000, 0x00000000df480000, 0x0000000100000000)
  eden space 66560K, 66% used [0x00000000d5f80000,0x00000000d8a883a8,0x00000000da080000)
  from space 5120K, 99% used [0x00000000da080000,0x00000000da57a040,0x00000000da580000)
  to   space 9728K, 0% used [0x00000000deb00000,0x00000000deb00000,0x00000000df480000)
 ParOldGen       total 87552K, used 10297K [0x0000000081e00000, 0x0000000087380000, 0x00000000d5f80000)
  object space 87552K, 11% used [0x0000000081e00000,0x000000008280e740,0x0000000087380000)
 Metaspace       used 20560K, capacity 21054K, committed 21296K, reserved 1069056K
  class space    used 2418K, capacity 2591K, committed 2608K, reserved 1048576K
Event: 3.810 GC heap after
Heap after GC invocations=6 (full 0):
 PSYoungGen      total 141312K, used 9697K [0x00000000d5f80000, 0x00000000df780000, 0x0000000100000000)
  eden space 131584K, 0% used [0x00000000d5f80000,0x00000000d5f80000,0x00000000de000000)
  from space 9728K, 99% used [0x00000000deb00000,0x00000000df478498,0x00000000df480000)
  to   space 11264K, 0% used [0x00000000de000000,0x00000000de000000,0x00000000deb00000)
 ParOldGen       total 87552K, used 10430K [0x0000000081e00000, 0x0000000087380000, 0x00000000d5f80000)
  object space 87552K, 11% used [0x0000000081e00000,0x000000008282f920,0x0000000087380000)
 Metaspace       used 20560K, capacity 21054K, committed 21296K, reserved 1069056K
  class space    used 2418K, capacity 2591K, committed 2608K, reserved 1048576K
}
Event: 3.810 GC heap before
{Heap before GC invocations=7 (full 1):
 PSYoungGen      total 141312K, used 9697K [0x00000000d5f80000, 0x00000000df780000, 0x0000000100000000)
  eden space 131584K, 0% used [0x00000000d5f80000,0x00000000d5f80000,0x00000000de000000)
  from space 9728K, 99% used [0x00000000deb00000,0x00000000df478498,0x00000000df480000)
  to   space 11264K, 0% used [0x00000000de000000,0x00000000de000000,0x00000000deb00000)
 ParOldGen       total 87552K, used 10430K [0x0000000081e00000, 0x0000000087380000, 0x00000000d5f80000)
  object space 87552K, 11% used [0x0000000081e00000,0x000000008282f920,0x0000000087380000)
 Metaspace       used 20560K, capacity 21054K, committed 21296K, reserved 1069056K
  class space    used 2418K, capacity 2591K, committed 2608K, reserved 1048576K
Event: 3.874 GC heap after
Heap after GC invocations=7 (full 1):
 PSYoungGen      total 141312K, used 0K [0x00000000d5f80000, 0x00000000df780000, 0x0000000100000000)
  eden space 131584K, 0% used [0x00000000d5f80000,0x00000000d5f80000,0x00000000de000000)
  from space 9728K, 0% used [0x00000000deb00000,0x00000000deb00000,0x00000000df480000)
  to   space 11264K, 0% used [0x00000000de000000,0x00000000de000000,0x00000000deb00000)
 ParOldGen       total 69120K, used 14140K [0x0000000081e00000, 0x0000000086180000, 0x00000000d5f80000)
  object space 69120K, 20% used [0x0000000081e00000,0x0000000082bcf058,0x0000000086180000)
 Metaspace       used 20560K, capacity 21054K, committed 21296K, reserved 1069056K
  class space    used 2418K, capacity 2591K, committed 2608K, reserved 1048576K
}
Event: 18.051 GC heap before
{Heap before GC invocations=8 (full 1):
 PSYoungGen      total 141312K, used 131584K [0x00000000d5f80000, 0x00000000df780000, 0x0000000100000000)
  eden space 131584K, 100% used [0x00000000d5f80000,0x00000000de000000,0x00000000de000000)
  from space 9728K, 0% used [0x00000000deb00000,0x00000000deb00000,0x00000000df480000)
  to   space 11264K, 0% used [0x00000000de000000,0x00000000de000000,0x00000000deb00000)
 ParOldGen       total 69120K, used 14140K [0x0000000081e00000, 0x0000000086180000, 0x00000000d5f80000)
  object space 69120K, 20% used [0x0000000081e00000,0x0000000082bcf058,0x0000000086180000)
 Metaspace       used 30388K, capacity 31044K, committed 31152K, reserved 1077248K
  class space    used 3504K, capacity 3705K, committed 3760K, reserved 1048576K
Event: 18.078 GC heap after
Heap after GC invocations=8 (full 1):
 PSYoungGen      total 142848K, used 11258K [0x00000000d5f80000, 0x00000000e3c80000, 0x0000000100000000)
  eden space 131584K, 0% used [0x00000000d5f80000,0x00000000d5f80000,0x00000000de000000)
  from space 11264K, 99% used [0x00000000de000000,0x00000000deafe828,0x00000000deb00000)
  to   space 18432K, 0% used [0x00000000e2a80000,0x00000000e2a80000,0x00000000e3c80000)
 ParOldGen       total 69120K, used 26138K [0x0000000081e00000, 0x0000000086180000, 0x00000000d5f80000)
  object space 69120K, 37% used [0x0000000081e00000,0x0000000083786a40,0x0000000086180000)
 Metaspace       used 30388K, capacity 31044K, committed 31152K, reserved 1077248K
  class space    used 3504K, capacity 3705K, committed 3760K, reserved 1048576K
}
Event: 28.605 GC heap before
{Heap before GC invocations=9 (full 1):
 PSYoungGen      total 142848K, used 62750K [0x00000000d5f80000, 0x00000000e3c80000, 0x0000000100000000)
  eden space 131584K, 39% used [0x00000000d5f80000,0x00000000d91c9170,0x00000000de000000)
  from space 11264K, 99% used [0x00000000de000000,0x00000000deafe828,0x00000000deb00000)
  to   space 18432K, 0% used [0x00000000e2a80000,0x00000000e2a80000,0x00000000e3c80000)
 ParOldGen       total 69120K, used 26138K [0x0000000081e00000, 0x0000000086180000, 0x00000000d5f80000)
  object space 69120K, 37% used [0x0000000081e00000,0x0000000083786a40,0x0000000086180000)
 Metaspace       used 34585K, capacity 35352K, committed 35496K, reserved 1081344K
  class space    used 3897K, capacity 4138K, committed 4144K, reserved 1048576K
Event: 28.614 GC heap after
Heap after GC invocations=9 (full 1):
 PSYoungGen      total 190464K, used 6923K [0x00000000d5f80000, 0x00000000e3380000, 0x0000000100000000)
  eden space 181248K, 0% used [0x00000000d5f80000,0x00000000d5f80000,0x00000000e1080000)
  from space 9216K, 75% used [0x00000000e2a80000,0x00000000e3142ee8,0x00000000e3380000)
  to   space 17920K, 0% used [0x00000000e1080000,0x00000000e1080000,0x00000000e2200000)
 ParOldGen       total 69120K, used 26146K [0x0000000081e00000, 0x0000000086180000, 0x00000000d5f80000)
  object space 69120K, 37% used [0x0000000081e00000,0x0000000083788a40,0x0000000086180000)
 Metaspace       used 34585K, capacity 35352K, committed 35496K, reserved 1081344K
  class space    used 3897K, capacity 4138K, committed 4144K, reserved 1048576K
}
Event: 28.614 GC heap before
{Heap before GC invocations=10 (full 2):
 PSYoungGen      total 190464K, used 6923K [0x00000000d5f80000, 0x00000000e3380000, 0x0000000100000000)
  eden space 181248K, 0% used [0x00000000d5f80000,0x00000000d5f80000,0x00000000e1080000)
  from space 9216K, 75% used [0x00000000e2a80000,0x00000000e3142ee8,0x00000000e3380000)
  to   space 17920K, 0% used [0x00000000e1080000,0x00000000e1080000,0x00000000e2200000)
 ParOldGen       total 69120K, used 26146K [0x0000000081e00000, 0x0000000086180000, 0x00000000d5f80000)
  object space 69120K, 37% used [0x0000000081e00000,0x0000000083788a40,0x0000000086180000)
 Metaspace       used 34585K, capacity 35352K, committed 35496K, reserved 1081344K
  class space    used 3897K, capacity 4138K, committed 4144K, reserved 1048576K
Event: 28.670 GC heap after
Heap after GC invocations=10 (full 2):
 PSYoungGen      total 190464K, used 0K [0x00000000d5f80000, 0x00000000e3380000, 0x0000000100000000)
  eden space 181248K, 0% used [0x00000000d5f80000,0x00000000d5f80000,0x00000000e1080000)
  from space 9216K, 0% used [0x00000000e2a80000,0x00000000e2a80000,0x00000000e3380000)
  to   space 17920K, 0% used [0x00000000e1080000,0x00000000e1080000,0x00000000e2200000)
 ParOldGen       total 101888K, used 17734K [0x0000000081e00000, 0x0000000088180000, 0x00000000d5f80000)
  object space 101888K, 17% used [0x0000000081e00000,0x0000000082f519b8,0x0000000088180000)
 Metaspace       used 34550K, capacity 35252K, committed 35496K, reserved 1081344K
  class space    used 3884K, capacity 4116K, committed 4144K, reserved 1048576K
}

