# JRE version: Java(TM) SE Runtime Environment (8.0_144-b01) (build 1.8.0_144-b01)
# Java VM: Java HotSpot(TM) 64-Bit Server VM (25.144-b01 mixed mode windows-amd64 compressed oops)
Heap:
 PSYoungGen      total 139264K, used 75293K [0x00000000d5f80000, 0x00000000e0500000, 0x0000000100000000)
  eden space 119808K, 62% used [0x00000000d5f80000,0x00000000da907540,0x00000000dd480000)
  from space 19456K, 0% used [0x00000000de700000,0x00000000de700000,0x00000000dfa00000)
  to   space 18944K, 0% used [0x00000000dd480000,0x00000000dd480000,0x00000000de700000)
 ParOldGen       total 90624K, used 21429K [0x0000000081e00000, 0x0000000087680000, 0x00000000d5f80000)
  object space 90624K, 23% used [0x0000000081e00000,0x00000000832ed640,0x0000000087680000)
 Metaspace       used 43154K, capacity 43950K, committed 44288K, reserved 1089536K
  class space    used 4841K, capacity 5053K, committed 5120K, reserved 1048576K
GC Heap History (10 events):
Event: 4.738 GC heap before
{Heap before GC invocations=8 (full 1):
 PSYoungGen      total 76288K, used 65536K [0x00000000d5f80000, 0x00000000db780000, 0x0000000100000000)
  eden space 65536K, 100% used [0x00000000d5f80000,0x00000000d9f80000,0x00000000d9f80000)
  from space 10752K, 0% used [0x00000000dab00000,0x00000000dab00000,0x00000000db580000)
  to   space 11776K, 0% used [0x00000000d9f80000,0x00000000d9f80000,0x00000000dab00000)
 ParOldGen       total 68096K, used 13638K [0x0000000081e00000, 0x0000000086080000, 0x00000000d5f80000)
  object space 68096K, 20% used [0x0000000081e00000,0x0000000082b51900,0x0000000086080000)
 Metaspace       used 22117K, capacity 22562K, committed 22704K, reserved 1069056K
  class space    used 2632K, capacity 2771K, committed 2816K, reserved 1048576K
Event: 4.742 GC heap after
Heap after GC invocations=8 (full 1):
 PSYoungGen      total 77312K, used 3536K [0x00000000d5f80000, 0x00000000dd700000, 0x0000000100000000)
  eden space 65536K, 0% used [0x00000000d5f80000,0x00000000d5f80000,0x00000000d9f80000)
  from space 11776K, 30% used [0x00000000d9f80000,0x00000000da2f4010,0x00000000dab00000)
  to   space 12288K, 0% used [0x00000000dcb00000,0x00000000dcb00000,0x00000000dd700000)
 ParOldGen       total 68096K, used 13646K [0x0000000081e00000, 0x0000000086080000, 0x00000000d5f80000)
  object space 68096K, 20% used [0x0000000081e00000,0x0000000082b53900,0x0000000086080000)
 Metaspace       used 22117K, capacity 22562K, committed 22704K, reserved 1069056K
  class space    used 2632K, capacity 2771K, committed 2816K, reserved 1048576K
}
Event: 6.049 GC heap before
{Heap before GC invocations=9 (full 1):
 PSYoungGen      total 77312K, used 69072K [0x00000000d5f80000, 0x00000000dd700000, 0x0000000100000000)
  eden space 65536K, 100% used [0x00000000d5f80000,0x00000000d9f80000,0x00000000d9f80000)
  from space 11776K, 30% used [0x00000000d9f80000,0x00000000da2f4010,0x00000000dab00000)
  to   space 12288K, 0% used [0x00000000dcb00000,0x00000000dcb00000,0x00000000dd700000)
 ParOldGen       total 68096K, used 13650K [0x0000000081e00000, 0x0000000086080000, 0x00000000d5f80000)
  object space 68096K, 20% used [0x0000000081e00000,0x0000000082b54838,0x0000000086080000)
 Metaspace       used 27753K, capacity 28386K, committed 28672K, reserved 1075200K
  class space    used 3291K, capacity 3501K, committed 3584K, reserved 1048576K
Event: 6.062 GC heap after
Heap after GC invocations=9 (full 1):
 PSYoungGen      total 108032K, used 12272K [0x00000000d5f80000, 0x00000000dd900000, 0x0000000100000000)
  eden space 95744K, 0% used [0x00000000d5f80000,0x00000000d5f80000,0x00000000dbd00000)
  from space 12288K, 99% used [0x00000000dcb00000,0x00000000dd6fc350,0x00000000dd700000)
  to   space 14336K, 0% used [0x00000000dbd00000,0x00000000dbd00000,0x00000000dcb00000)
 ParOldGen       total 68096K, used 14819K [0x0000000081e00000, 0x0000000086080000, 0x00000000d5f80000)
  object space 68096K, 21% used [0x0000000081e00000,0x0000000082c78e60,0x0000000086080000)
 Metaspace       used 27753K, capacity 28386K, committed 28672K, reserved 1075200K
  class space    used 3291K, capacity 3501K, committed 3584K, reserved 1048576K
}
Event: 17.582 GC heap before
{Heap before GC invocations=10 (full 1):
 PSYoungGen      total 108032K, used 108016K [0x00000000d5f80000, 0x00000000dd900000, 0x0000000100000000)
  eden space 95744K, 100% used [0x00000000d5f80000,0x00000000dbd00000,0x00000000dbd00000)
  from space 12288K, 99% used [0x00000000dcb00000,0x00000000dd6fc350,0x00000000dd700000)
  to   space 14336K, 0% used [0x00000000dbd00000,0x00000000dbd00000,0x00000000dcb00000)
 ParOldGen       total 68096K, used 14869K [0x0000000081e00000, 0x0000000086080000, 0x00000000d5f80000)
  object space 68096K, 21% used [0x0000000081e00000,0x0000000082c854e0,0x0000000086080000)
 Metaspace       used 33468K, capacity 34250K, committed 34560K, reserved 1079296K
  class space    used 4010K, capacity 4258K, committed 4352K, reserved 1048576K
Event: 17.603 GC heap after
Heap after GC invocations=10 (full 1):
 PSYoungGen      total 110080K, used 14325K [0x00000000d5f80000, 0x00000000dfa00000, 0x0000000100000000)
  eden space 95744K, 0% used [0x00000000d5f80000,0x00000000d5f80000,0x00000000dbd00000)
  from space 14336K, 99% used [0x00000000dbd00000,0x00000000dcafd600,0x00000000dcb00000)
  to   space 19456K, 0% used [0x00000000de700000,0x00000000de700000,0x00000000dfa00000)
 ParOldGen       total 68096K, used 22415K [0x0000000081e00000, 0x0000000086080000, 0x00000000d5f80000)
  object space 68096K, 32% used [0x0000000081e00000,0x00000000833e3da8,0x0000000086080000)
 Metaspace       used 33468K, capacity 34250K, committed 34560K, reserved 1079296K
  class space    used 4010K, capacity 4258K, committed 4352K, reserved 1048576K
}
Event: 17.665 GC heap before
{Heap before GC invocations=11 (full 1):
 PSYoungGen      total 110080K, used 21996K [0x00000000d5f80000, 0x00000000dfa00000, 0x0000000100000000)
  eden space 95744K, 8% used [0x00000000d5f80000,0x00000000d66fdaf0,0x00000000dbd00000)
  from space 14336K, 99% used [0x00000000dbd00000,0x00000000dcafd600,0x00000000dcb00000)
  to   space 19456K, 0% used [0x00000000de700000,0x00000000de700000,0x00000000dfa00000)
 ParOldGen       total 68096K, used 22415K [0x0000000081e00000, 0x0000000086080000, 0x00000000d5f80000)
  object space 68096K, 32% used [0x0000000081e00000,0x00000000833e3da8,0x0000000086080000)
 Metaspace       used 34678K, capacity 35402K, committed 35496K, reserved 1081344K
  class space    used 4095K, capacity 4322K, committed 4352K, reserved 1048576K
Event: 17.670 GC heap after
Heap after GC invocations=11 (full 1):
 PSYoungGen      total 139264K, used 5721K [0x00000000d5f80000, 0x00000000e0500000, 0x0000000100000000)
  eden space 119808K, 0% used [0x00000000d5f80000,0x00000000d5f80000,0x00000000dd480000)
  from space 19456K, 29% used [0x00000000de700000,0x00000000dec96518,0x00000000dfa00000)
  to   space 18944K, 0% used [0x00000000dd480000,0x00000000dd480000,0x00000000de700000)
 ParOldGen       total 68096K, used 25377K [0x0000000081e00000, 0x0000000086080000, 0x00000000d5f80000)
  object space 68096K, 37% used [0x0000000081e00000,0x00000000836c84a8,0x0000000086080000)
 Metaspace       used 34678K, capacity 35402K, committed 35496K, reserved 1081344K
  class space    used 4095K, capacity 4322K, committed 4352K, reserved 1048576K
}
Event: 17.670 GC heap before
{Heap before GC invocations=12 (full 2):
 PSYoungGen      total 139264K, used 5721K [0x00000000d5f80000, 0x00000000e0500000, 0x0000000100000000)
  eden space 119808K, 0% used [0x00000000d5f80000,0x00000000d5f80000,0x00000000dd480000)
  from space 19456K, 29% used [0x00000000de700000,0x00000000dec96518,0x00000000dfa00000)
  to   space 18944K, 0% used [0x00000000dd480000,0x00000000dd480000,0x00000000de700000)
 ParOldGen       total 68096K, used 25377K [0x0000000081e00000, 0x0000000086080000, 0x00000000d5f80000)
  object space 68096K, 37% used [0x0000000081e00000,0x00000000836c84a8,0x0000000086080000)
 Metaspace       used 34678K, capacity 35402K, committed 35496K, reserved 1081344K
  class space    used 4095K, capacity 4322K, committed 4352K, reserved 1048576K
Event: 17.706 GC heap after
Heap after GC invocations=12 (full 2):
 PSYoungGen      total 139264K, used 0K [0x00000000d5f80000, 0x00000000e0500000, 0x0000000100000000)
  eden space 119808K, 0% used [0x00000000d5f80000,0x00000000d5f80000,0x00000000dd480000)
  from space 19456K, 0% used [0x00000000de700000,0x00000000de700000,0x00000000dfa00000)
  to   space 18944K, 0% used [0x00000000dd480000,0x00000000dd480000,0x00000000de700000)
 ParOldGen       total 90624K, used 21429K [0x0000000081e00000, 0x0000000087680000, 0x00000000d5f80000)
  object space 90624K, 23% used [0x0000000081e00000,0x00000000832ed640,0x0000000087680000)
 Metaspace       used 34640K, capacity 35284K, committed 35496K, reserved 1081344K
  class space    used 4082K, capacity 4299K, committed 4352K, reserved 1048576K
}

