# JRE version: Java(TM) SE Runtime Environment (8.0_144-b01) (build 1.8.0_144-b01)
# Java VM: Java HotSpot(TM) 64-Bit Server VM (25.144-b01 mixed mode windows-amd64 compressed oops)
Heap:
 PSYoungGen      total 140288K, used 50446K [0x00000000d5f80000, 0x00000000e2900000, 0x0000000100000000)
  eden space 121344K, 41% used [0x00000000d5f80000,0x00000000d90c3908,0x00000000dd600000)
  from space 18944K, 0% used [0x00000000deb00000,0x00000000deb00000,0x00000000dfd80000)
  to   space 21504K, 0% used [0x00000000dd600000,0x00000000dd600000,0x00000000deb00000)
 ParOldGen       total 123392K, used 28166K [0x0000000081e00000, 0x0000000089680000, 0x00000000d5f80000)
  object space 123392K, 22% used [0x0000000081e00000,0x0000000083981ac0,0x0000000089680000)
 Metaspace       used 38880K, capacity 39556K, committed 39808K, reserved 1085440K
  class space    used 4427K, capacity 4634K, committed 4736K, reserved 1048576K
GC Heap History (10 events):
Event: 2.782 GC heap before
{Heap before GC invocations=6 (full 1):
 PSYoungGen      total 71680K, used 5112K [0x00000000d5f80000, 0x00000000dfa80000, 0x0000000100000000)
  eden space 66560K, 0% used [0x00000000d5f80000,0x00000000d5f80000,0x00000000da080000)
  from space 5120K, 99% used [0x00000000da080000,0x00000000da57e030,0x00000000da580000)
  to   space 12800K, 0% used [0x00000000dee00000,0x00000000dee00000,0x00000000dfa80000)
 ParOldGen       total 87552K, used 14378K [0x0000000081e00000, 0x0000000087380000, 0x00000000d5f80000)
  object space 87552K, 16% used [0x0000000081e00000,0x0000000082c0a988,0x0000000087380000)
 Metaspace       used 20786K, capacity 21162K, committed 21296K, reserved 1069056K
  class space    used 2538K, capacity 2671K, committed 2688K, reserved 1048576K
Event: 2.837 GC heap after
Heap after GC invocations=6 (full 1):
 PSYoungGen      total 71680K, used 0K [0x00000000d5f80000, 0x00000000dfa80000, 0x0000000100000000)
  eden space 66560K, 0% used [0x00000000d5f80000,0x00000000d5f80000,0x00000000da080000)
  from space 5120K, 0% used [0x00000000da080000,0x00000000da080000,0x00000000da580000)
  to   space 12800K, 0% used [0x00000000dee00000,0x00000000dee00000,0x00000000dfa80000)
 ParOldGen       total 75776K, used 14417K [0x0000000081e00000, 0x0000000086800000, 0x00000000d5f80000)
  object space 75776K, 19% used [0x0000000081e00000,0x0000000082c14460,0x0000000086800000)
 Metaspace       used 20786K, capacity 21162K, committed 21296K, reserved 1069056K
  class space    used 2538K, capacity 2671K, committed 2688K, reserved 1048576K
}
Event: 3.817 GC heap before
{Heap before GC invocations=7 (full 1):
 PSYoungGen      total 71680K, used 66560K [0x00000000d5f80000, 0x00000000dfa80000, 0x0000000100000000)
  eden space 66560K, 100% used [0x00000000d5f80000,0x00000000da080000,0x00000000da080000)
  from space 5120K, 0% used [0x00000000da080000,0x00000000da080000,0x00000000da580000)
  to   space 12800K, 0% used [0x00000000dee00000,0x00000000dee00000,0x00000000dfa80000)
 ParOldGen       total 75776K, used 14417K [0x0000000081e00000, 0x0000000086800000, 0x00000000d5f80000)
  object space 75776K, 19% used [0x0000000081e00000,0x0000000082c14460,0x0000000086800000)
 Metaspace       used 22152K, capacity 22562K, committed 22704K, reserved 1069056K
  class space    used 2633K, capacity 2771K, committed 2816K, reserved 1048576K
Event: 3.822 GC heap after
Heap after GC invocations=7 (full 1):
 PSYoungGen      total 93184K, used 3520K [0x00000000d5f80000, 0x00000000df180000, 0x0000000100000000)
  eden space 89600K, 0% used [0x00000000d5f80000,0x00000000d5f80000,0x00000000db700000)
  from space 3584K, 98% used [0x00000000dee00000,0x00000000df170000,0x00000000df180000)
  to   space 13312K, 0% used [0x00000000dd780000,0x00000000dd780000,0x00000000de480000)
 ParOldGen       total 75776K, used 14425K [0x0000000081e00000, 0x0000000086800000, 0x00000000d5f80000)
  object space 75776K, 19% used [0x0000000081e00000,0x0000000082c16460,0x0000000086800000)
 Metaspace       used 22152K, capacity 22562K, committed 22704K, reserved 1069056K
  class space    used 2633K, capacity 2771K, committed 2816K, reserved 1048576K
}
Event: 5.000 GC heap before
{Heap before GC invocations=8 (full 1):
 PSYoungGen      total 93184K, used 93120K [0x00000000d5f80000, 0x00000000df180000, 0x0000000100000000)
  eden space 89600K, 100% used [0x00000000d5f80000,0x00000000db700000,0x00000000db700000)
  from space 3584K, 98% used [0x00000000dee00000,0x00000000df170000,0x00000000df180000)
  to   space 13312K, 0% used [0x00000000dd780000,0x00000000dd780000,0x00000000de480000)
 ParOldGen       total 75776K, used 14425K [0x0000000081e00000, 0x0000000086800000, 0x00000000d5f80000)
  object space 75776K, 19% used [0x0000000081e00000,0x0000000082c166d0,0x0000000086800000)
 Metaspace       used 27818K, capacity 28360K, committed 28672K, reserved 1075200K
  class space    used 3290K, capacity 3498K, committed 3584K, reserved 1048576K
Event: 5.021 GC heap after
Heap after GC invocations=8 (full 1):
 PSYoungGen      total 136192K, used 13304K [0x00000000d5f80000, 0x00000000dfd80000, 0x0000000100000000)
  eden space 122880K, 0% used [0x00000000d5f80000,0x00000000d5f80000,0x00000000dd780000)
  from space 13312K, 99% used [0x00000000dd780000,0x00000000de47e2b0,0x00000000de480000)
  to   space 18944K, 0% used [0x00000000deb00000,0x00000000deb00000,0x00000000dfd80000)
 ParOldGen       total 75776K, used 21180K [0x0000000081e00000, 0x0000000086800000, 0x00000000d5f80000)
  object space 75776K, 27% used [0x0000000081e00000,0x00000000832af228,0x0000000086800000)
 Metaspace       used 27818K, capacity 28360K, committed 28672K, reserved 1075200K
  class space    used 3290K, capacity 3498K, committed 3584K, reserved 1048576K
}
Event: 10.375 GC heap before
{Heap before GC invocations=9 (full 1):
 PSYoungGen      total 136192K, used 93966K [0x00000000d5f80000, 0x00000000dfd80000, 0x0000000100000000)
  eden space 122880K, 65% used [0x00000000d5f80000,0x00000000dae45558,0x00000000dd780000)
  from space 13312K, 99% used [0x00000000dd780000,0x00000000de47e2b0,0x00000000de480000)
  to   space 18944K, 0% used [0x00000000deb00000,0x00000000deb00000,0x00000000dfd80000)
 ParOldGen       total 75776K, used 21180K [0x0000000081e00000, 0x0000000086800000, 0x00000000d5f80000)
  object space 75776K, 27% used [0x0000000081e00000,0x00000000832af228,0x0000000086800000)
 Metaspace       used 34638K, capacity 35312K, committed 35496K, reserved 1081344K
  class space    used 4050K, capacity 4255K, committed 4352K, reserved 1048576K
Event: 10.386 GC heap after
Heap after GC invocations=9 (full 1):
 PSYoungGen      total 140288K, used 17519K [0x00000000d5f80000, 0x00000000e2900000, 0x0000000100000000)
  eden space 121344K, 0% used [0x00000000d5f80000,0x00000000d5f80000,0x00000000dd600000)
  from space 18944K, 92% used [0x00000000deb00000,0x00000000dfc1bf00,0x00000000dfd80000)
  to   space 21504K, 0% used [0x00000000dd600000,0x00000000dd600000,0x00000000deb00000)
 ParOldGen       total 75776K, used 21188K [0x0000000081e00000, 0x0000000086800000, 0x00000000d5f80000)
  object space 75776K, 27% used [0x0000000081e00000,0x00000000832b1228,0x0000000086800000)
 Metaspace       used 34638K, capacity 35312K, committed 35496K, reserved 1081344K
  class space    used 4050K, capacity 4255K, committed 4352K, reserved 1048576K
}
Event: 10.386 GC heap before
{Heap before GC invocations=10 (full 2):
 PSYoungGen      total 140288K, used 17519K [0x00000000d5f80000, 0x00000000e2900000, 0x0000000100000000)
  eden space 121344K, 0% used [0x00000000d5f80000,0x00000000d5f80000,0x00000000dd600000)
  from space 18944K, 92% used [0x00000000deb00000,0x00000000dfc1bf00,0x00000000dfd80000)
  to   space 21504K, 0% used [0x00000000dd600000,0x00000000dd600000,0x00000000deb00000)
 ParOldGen       total 75776K, used 21188K [0x0000000081e00000, 0x0000000086800000, 0x00000000d5f80000)
  object space 75776K, 27% used [0x0000000081e00000,0x00000000832b1228,0x0000000086800000)
 Metaspace       used 34638K, capacity 35312K, committed 35496K, reserved 1081344K
  class space    used 4050K, capacity 4255K, committed 4352K, reserved 1048576K
Event: 10.464 GC heap after
Heap after GC invocations=10 (full 2):
 PSYoungGen      total 140288K, used 0K [0x00000000d5f80000, 0x00000000e2900000, 0x0000000100000000)
  eden space 121344K, 0% used [0x00000000d5f80000,0x00000000d5f80000,0x00000000dd600000)
  from space 18944K, 0% used [0x00000000deb00000,0x00000000deb00000,0x00000000dfd80000)
  to   space 21504K, 0% used [0x00000000dd600000,0x00000000dd600000,0x00000000deb00000)
 ParOldGen       total 123392K, used 28166K [0x0000000081e00000, 0x0000000089680000, 0x00000000d5f80000)
  object space 123392K, 22% used [0x0000000081e00000,0x0000000083981ac0,0x0000000089680000)
 Metaspace       used 34606K, capacity 35220K, committed 35496K, reserved 1081344K
  class space    used 4039K, capacity 4235K, committed 4352K, reserved 1048576K
}

